C:\LKM\Hiwin_Competition_20150717\Debug\cl.command.1.tlog
C:\LKM\Hiwin_Competition_20150717\Debug\CL.read.1.tlog
C:\LKM\Hiwin_Competition_20150717\Debug\CL.write.1.tlog
C:\LKM\HIWIN_COMPETITION_20150717\DEBUG\CONTROLLITA.OBJ
C:\LKM\HIWIN_COMPETITION_20150717\DEBUG\GRIPPER_2.OBJ
C:\LKM\HIWIN_COMPETITION_20150717\DEBUG\IMPCARD.OBJ
C:\LKM\Hiwin_Competition_20150717\Debug\link.4676.read.1.tlog
C:\LKM\Hiwin_Competition_20150717\Debug\link.4676.write.1.tlog
C:\LKM\Hiwin_Competition_20150717\Debug\link.4676-cvtres.read.1.tlog
C:\LKM\Hiwin_Competition_20150717\Debug\link.4676-cvtres.write.1.tlog
C:\LKM\Hiwin_Competition_20150717\Debug\link.command.1.tlog
C:\LKM\Hiwin_Competition_20150717\Debug\link.read.1.tlog
C:\LKM\Hiwin_Competition_20150717\Debug\link.write.1.tlog
C:\LKM\Hiwin_Competition_20150717\Debug\link-cvtres.read.1.tlog
C:\LKM\Hiwin_Competition_20150717\Debug\link-cvtres.write.1.tlog
C:\LKM\HIWIN_COMPETITION_20150717\DEBUG\LUOLITAARM.OBJ
C:\LKM\HIWIN_COMPETITION_20150717\DEBUG\LUOLITAARM_CW_V4.EXE
C:\LKM\HIWIN_COMPETITION_20150717\DEBUG\LUOLITAARM_CW_V4.EXE.EMBED.MANIFEST
C:\LKM\HIWIN_COMPETITION_20150717\DEBUG\LUOLITAARM_CW_V4.EXE.EMBED.MANIFEST.RES
C:\LKM\HIWIN_COMPETITION_20150717\DEBUG\LUOLITAARM_CW_V4.EXE.INTERMEDIATE.MANIFEST
C:\LKM\HIWIN_COMPETITION_20150717\DEBUG\LUOLITAARM_CW_V4.ILK
C:\LKM\HIWIN_COMPETITION_20150717\DEBUG\LUOLITAARM_CW_V4.PDB
C:\LKM\Hiwin_Competition_20150717\Debug\LuoLitaArm_cw_v4.write.1.tlog
C:\LKM\Hiwin_Competition_20150717\Debug\LuoLitaArm_cw_v4_manifest.rc
C:\LKM\HIWIN_COMPETITION_20150717\DEBUG\LUOLITAARMFUNC.OBJ
C:\LKM\Hiwin_Competition_20150717\Debug\mt.command.1.tlog
C:\LKM\Hiwin_Competition_20150717\Debug\mt.read.1.tlog
C:\LKM\Hiwin_Competition_20150717\Debug\mt.write.1.tlog
C:\LKM\Hiwin_Competition_20150717\Debug\rc.command.1.tlog
C:\LKM\Hiwin_Competition_20150717\Debug\rc.read.1.tlog
C:\LKM\Hiwin_Competition_20150717\Debug\rc.write.1.tlog
C:\LKM\HIWIN_COMPETITION_20150717\DEBUG\ROBOTLITA.OBJ
C:\LKM\Hiwin_Competition_20150717\Debug\RtvFileConvert.vcxprojResolveAssemblyReference.cache
C:\LKM\HIWIN_COMPETITION_20150717\DEBUG\SERIALPORTCOM.OBJ
C:\LKM\Hiwin_Competition_20150717\Debug\vc100.idb
C:\LKM\HIWIN_COMPETITION_20150717\DEBUG\VC100.PDB
