C:\CW_HSU\MOTORDEFINE改過的程式 - 複製\DEBUG\CONTROLLITA.OBJ
C:\CW_HSU\MOTORDEFINE改過的程式 - 複製\DEBUG\GRIPPER.OBJ
C:\CW_HSU\MOTORDEFINE改過的程式 - 複製\DEBUG\IMPCARD.OBJ
C:\CW_HSU\MOTORDEFINE改過的程式 - 複製\DEBUG\LUOLITAARM.EXE
C:\CW_HSU\MOTORDEFINE改過的程式 - 複製\DEBUG\LUOLITAARM.EXE.EMBED.MANIFEST.RES
C:\CW_HSU\MOTORDEFINE改過的程式 - 複製\DEBUG\LUOLITAARM.EXE.INTERMEDIATE.MANIFEST
C:\CW_HSU\MOTORDEFINE改過的程式 - 複製\DEBUG\LUOLITAARM.ILK
C:\CW_HSU\MOTORDEFINE改過的程式 - 複製\DEBUG\LUOLITAARM.OBJ
C:\CW_HSU\MOTORDEFINE改過的程式 - 複製\DEBUG\LUOLITAARM.PDB
C:\CW_HSU\MOTORDEFINE改過的程式 - 複製\DEBUG\LUOLITAARMFUNC.OBJ
C:\CW_HSU\MOTORDEFINE改過的程式 - 複製\DEBUG\QGRIPPER.OBJ
C:\CW_HSU\MOTORDEFINE改過的程式 - 複製\DEBUG\ROBOTLITA.OBJ
C:\CW_HSU\MOTORDEFINE改過的程式 - 複製\DEBUG\SERIALPORTCOM.OBJ
C:\CW_HSU\MOTORDEFINE改過的程式 - 複製\DEBUG\VC100.PDB
C:\CW_HSU\MOTORDEFINE改過的程式\DEBUG\CONTROLLITA.OBJ
C:\CW_HSU\MOTORDEFINE改過的程式\DEBUG\GRIPPER.OBJ
C:\CW_HSU\MOTORDEFINE改過的程式\DEBUG\IMPCARD.OBJ
C:\CW_HSU\MOTORDEFINE改過的程式\DEBUG\LUOLITAARM.EXE
C:\CW_HSU\MOTORDEFINE改過的程式\DEBUG\LUOLITAARM.EXE.EMBED.MANIFEST.RES
C:\CW_HSU\MOTORDEFINE改過的程式\DEBUG\LUOLITAARM.EXE.INTERMEDIATE.MANIFEST
C:\CW_HSU\MOTORDEFINE改過的程式\DEBUG\LUOLITAARM.ILK
C:\CW_HSU\MOTORDEFINE改過的程式\DEBUG\LUOLITAARM.OBJ
C:\CW_HSU\MOTORDEFINE改過的程式\DEBUG\LUOLITAARM.PDB
C:\CW_HSU\MOTORDEFINE改過的程式\DEBUG\LUOLITAARMFUNC.OBJ
C:\CW_HSU\MOTORDEFINE改過的程式\DEBUG\QGRIPPER.OBJ
C:\CW_HSU\MOTORDEFINE改過的程式\DEBUG\ROBOTLITA.OBJ
C:\CW_HSU\MOTORDEFINE改過的程式\DEBUG\SERIALPORTCOM.OBJ
C:\CW_HSU\MOTORDEFINE改過的程式\DEBUG\VC100.PDB
C:\cw_hsu\調整過的_不要動\Debug\cl.command.1.tlog
C:\cw_hsu\調整過的_不要動\Debug\CL.read.1.tlog
C:\cw_hsu\調整過的_不要動\Debug\CL.write.1.tlog
C:\cw_hsu\調整過的_不要動\Debug\ControlLita.obj
C:\cw_hsu\調整過的_不要動\Debug\Gripper.obj
C:\cw_hsu\調整過的_不要動\Debug\IMPCard.obj
C:\cw_hsu\調整過的_不要動\Debug\link.2664.read.1.tlog
C:\cw_hsu\調整過的_不要動\Debug\link.2664.write.1.tlog
C:\cw_hsu\調整過的_不要動\Debug\link.2664-cvtres.read.1.tlog
C:\cw_hsu\調整過的_不要動\Debug\link.2664-cvtres.write.1.tlog
C:\cw_hsu\調整過的_不要動\Debug\link.2824.read.1.tlog
C:\cw_hsu\調整過的_不要動\Debug\link.2824.write.1.tlog
C:\cw_hsu\調整過的_不要動\Debug\link.2824-cvtres.read.1.tlog
C:\cw_hsu\調整過的_不要動\Debug\link.2824-cvtres.write.1.tlog
C:\cw_hsu\調整過的_不要動\Debug\link.command.1.tlog
C:\cw_hsu\調整過的_不要動\Debug\link.read.1.tlog
C:\cw_hsu\調整過的_不要動\Debug\link.write.1.tlog
C:\cw_hsu\調整過的_不要動\Debug\link-cvtres.read.1.tlog
C:\cw_hsu\調整過的_不要動\Debug\link-cvtres.write.1.tlog
C:\cw_hsu\調整過的_不要動\Debug\LuoLitaArm.exe.embed.manifest
C:\cw_hsu\調整過的_不要動\Debug\LuoLitaArm.exe.embed.manifest.res
C:\cw_hsu\調整過的_不要動\Debug\LuoLitaArm.exe.intermediate.manifest
C:\cw_hsu\調整過的_不要動\Debug\LuoLitaArm.ilk
C:\cw_hsu\調整過的_不要動\Debug\LuoLitaArm.obj
C:\cw_hsu\調整過的_不要動\Debug\LuoLitaArm.pdb
C:\cw_hsu\調整過的_不要動\Debug\LuoLitaArm.write.1.tlog
C:\cw_hsu\調整過的_不要動\Debug\LuoLitaArm_manifest.rc
C:\cw_hsu\調整過的_不要動\Debug\LuoLitaArmFunc.obj
C:\cw_hsu\調整過的_不要動\Debug\mt.command.1.tlog
C:\cw_hsu\調整過的_不要動\Debug\mt.read.1.tlog
C:\cw_hsu\調整過的_不要動\Debug\mt.write.1.tlog
C:\cw_hsu\調整過的_不要動\Debug\qGripper.obj
C:\cw_hsu\調整過的_不要動\Debug\rc.command.1.tlog
C:\cw_hsu\調整過的_不要動\Debug\rc.read.1.tlog
C:\cw_hsu\調整過的_不要動\Debug\rc.write.1.tlog
C:\cw_hsu\調整過的_不要動\Debug\RobotLita.obj
C:\cw_hsu\調整過的_不要動\Debug\RtvFileConvert.vcxprojResolveAssemblyReference.cache
C:\cw_hsu\調整過的_不要動\Debug\SerialPortCom.obj
C:\cw_hsu\調整過的_不要動\Debug\vc100.idb
C:\cw_hsu\調整過的_不要動\Debug\vc100.pdb
C:\USERS\ROBOT\DESKTOP\IRHOCS\LUOLITAARM_AIK_IMPED_ORIG\DEBUG\CONTROLLITA.OBJ
C:\USERS\ROBOT\DESKTOP\IRHOCS\LUOLITAARM_AIK_IMPED_ORIG\DEBUG\GRIPPER.OBJ
C:\USERS\ROBOT\DESKTOP\IRHOCS\LUOLITAARM_AIK_IMPED_ORIG\DEBUG\IMPCARD.OBJ
C:\USERS\ROBOT\DESKTOP\IRHOCS\LUOLITAARM_AIK_IMPED_ORIG\DEBUG\LUOLITAARM.EXE
C:\USERS\ROBOT\DESKTOP\IRHOCS\LUOLITAARM_AIK_IMPED_ORIG\DEBUG\LUOLITAARM.EXE.EMBED.MANIFEST
C:\USERS\ROBOT\DESKTOP\IRHOCS\LUOLITAARM_AIK_IMPED_ORIG\DEBUG\LUOLITAARM.EXE.EMBED.MANIFEST.RES
C:\USERS\ROBOT\DESKTOP\IRHOCS\LUOLITAARM_AIK_IMPED_ORIG\DEBUG\LUOLITAARM.EXE.INTERMEDIATE.MANIFEST
C:\USERS\ROBOT\DESKTOP\IRHOCS\LUOLITAARM_AIK_IMPED_ORIG\DEBUG\LUOLITAARM.ILK
C:\USERS\ROBOT\DESKTOP\IRHOCS\LUOLITAARM_AIK_IMPED_ORIG\DEBUG\LUOLITAARM.OBJ
C:\USERS\ROBOT\DESKTOP\IRHOCS\LUOLITAARM_AIK_IMPED_ORIG\DEBUG\LUOLITAARM.PDB
C:\USERS\ROBOT\DESKTOP\IRHOCS\LUOLITAARM_AIK_IMPED_ORIG\DEBUG\LUOLITAARMFUNC.OBJ
C:\USERS\ROBOT\DESKTOP\IRHOCS\LUOLITAARM_AIK_IMPED_ORIG\DEBUG\QGRIPPER.OBJ
C:\USERS\ROBOT\DESKTOP\IRHOCS\LUOLITAARM_AIK_IMPED_ORIG\DEBUG\ROBOTLITA.OBJ
C:\USERS\ROBOT\DESKTOP\IRHOCS\LUOLITAARM_AIK_IMPED_ORIG\DEBUG\SERIALPORTCOM.OBJ
C:\USERS\ROBOT\DESKTOP\IRHOCS\LUOLITAARM_AIK_IMPED_ORIG\DEBUG\VC100.PDB
C:\USERS\ROBOT\DESKTOP\JOHN\LUOLITAARM_AIK_IMPED_ORIG\DEBUG\CONTROLLITA.OBJ
C:\USERS\ROBOT\DESKTOP\JOHN\LUOLITAARM_AIK_IMPED_ORIG\DEBUG\GRIPPER.OBJ
C:\USERS\ROBOT\DESKTOP\JOHN\LUOLITAARM_AIK_IMPED_ORIG\DEBUG\IMPCARD.OBJ
C:\USERS\ROBOT\DESKTOP\JOHN\LUOLITAARM_AIK_IMPED_ORIG\DEBUG\LUOLITAARM.EXE
C:\USERS\ROBOT\DESKTOP\JOHN\LUOLITAARM_AIK_IMPED_ORIG\DEBUG\LUOLITAARM.EXE.EMBED.MANIFEST.RES
C:\USERS\ROBOT\DESKTOP\JOHN\LUOLITAARM_AIK_IMPED_ORIG\DEBUG\LUOLITAARM.EXE.INTERMEDIATE.MANIFEST
C:\USERS\ROBOT\DESKTOP\JOHN\LUOLITAARM_AIK_IMPED_ORIG\DEBUG\LUOLITAARM.ILK
C:\USERS\ROBOT\DESKTOP\JOHN\LUOLITAARM_AIK_IMPED_ORIG\DEBUG\LUOLITAARM.OBJ
C:\USERS\ROBOT\DESKTOP\JOHN\LUOLITAARM_AIK_IMPED_ORIG\DEBUG\LUOLITAARM.PDB
C:\USERS\ROBOT\DESKTOP\JOHN\LUOLITAARM_AIK_IMPED_ORIG\DEBUG\LUOLITAARMFUNC.OBJ
C:\USERS\ROBOT\DESKTOP\JOHN\LUOLITAARM_AIK_IMPED_ORIG\DEBUG\QGRIPPER.OBJ
C:\USERS\ROBOT\DESKTOP\JOHN\LUOLITAARM_AIK_IMPED_ORIG\DEBUG\ROBOTLITA.OBJ
C:\USERS\ROBOT\DESKTOP\JOHN\LUOLITAARM_AIK_IMPED_ORIG\DEBUG\SERIALPORTCOM.OBJ
C:\USERS\ROBOT\DESKTOP\JOHN\LUOLITAARM_AIK_IMPED_ORIG\DEBUG\VC100.PDB
