C:\Program Files\IntervalZero\RTX\samples\RtvFileConvert\Debug\cl.command.1.tlog
C:\Program Files\IntervalZero\RTX\samples\RtvFileConvert\Debug\CL.read.1.tlog
C:\Program Files\IntervalZero\RTX\samples\RtvFileConvert\Debug\CL.write.1.tlog
C:\Program Files\IntervalZero\RTX\samples\RtvFileConvert\Debug\link.2684.read.1.tlog
C:\Program Files\IntervalZero\RTX\samples\RtvFileConvert\Debug\link.2684.write.1.tlog
C:\Program Files\IntervalZero\RTX\samples\RtvFileConvert\Debug\link.2684-cvtres.read.1.tlog
C:\Program Files\IntervalZero\RTX\samples\RtvFileConvert\Debug\link.2684-cvtres.write.1.tlog
C:\Program Files\IntervalZero\RTX\samples\RtvFileConvert\Debug\link.3312.read.1.tlog
C:\Program Files\IntervalZero\RTX\samples\RtvFileConvert\Debug\link.3312.write.1.tlog
C:\Program Files\IntervalZero\RTX\samples\RtvFileConvert\Debug\link.3312-cvtres.read.1.tlog
C:\Program Files\IntervalZero\RTX\samples\RtvFileConvert\Debug\link.3312-cvtres.write.1.tlog
C:\Program Files\IntervalZero\RTX\samples\RtvFileConvert\Debug\link.command.1.tlog
C:\Program Files\IntervalZero\RTX\samples\RtvFileConvert\Debug\link.read.1.tlog
C:\Program Files\IntervalZero\RTX\samples\RtvFileConvert\Debug\link.write.1.tlog
C:\Program Files\IntervalZero\RTX\samples\RtvFileConvert\Debug\link-cvtres.read.1.tlog
C:\Program Files\IntervalZero\RTX\samples\RtvFileConvert\Debug\link-cvtres.write.1.tlog
C:\Program Files\IntervalZero\RTX\samples\RtvFileConvert\Debug\mt.command.1.tlog
C:\Program Files\IntervalZero\RTX\samples\RtvFileConvert\Debug\mt.read.1.tlog
C:\Program Files\IntervalZero\RTX\samples\RtvFileConvert\Debug\mt.write.1.tlog
C:\Program Files\IntervalZero\RTX\samples\RtvFileConvert\Debug\rc.command.1.tlog
C:\Program Files\IntervalZero\RTX\samples\RtvFileConvert\Debug\rc.read.1.tlog
C:\Program Files\IntervalZero\RTX\samples\RtvFileConvert\Debug\rc.write.1.tlog
C:\PROGRAM FILES\INTERVALZERO\RTX\SAMPLES\RTVFILECONVERT\DEBUG\RTV2TDI.OBJ
C:\PROGRAM FILES\INTERVALZERO\RTX\SAMPLES\RTVFILECONVERT\DEBUG\RTVFILECONVERT.EXE
C:\PROGRAM FILES\INTERVALZERO\RTX\SAMPLES\RTVFILECONVERT\DEBUG\RTVFILECONVERT.EXE.EMBED.MANIFEST
C:\PROGRAM FILES\INTERVALZERO\RTX\SAMPLES\RTVFILECONVERT\DEBUG\RTVFILECONVERT.EXE.EMBED.MANIFEST.RES
C:\PROGRAM FILES\INTERVALZERO\RTX\SAMPLES\RTVFILECONVERT\DEBUG\RTVFILECONVERT.EXE.INTERMEDIATE.MANIFEST
C:\PROGRAM FILES\INTERVALZERO\RTX\SAMPLES\RTVFILECONVERT\DEBUG\RTVFILECONVERT.ILK
C:\PROGRAM FILES\INTERVALZERO\RTX\SAMPLES\RTVFILECONVERT\DEBUG\RTVFILECONVERT.OBJ
C:\PROGRAM FILES\INTERVALZERO\RTX\SAMPLES\RTVFILECONVERT\DEBUG\RTVFILECONVERT.PDB
C:\Program Files\IntervalZero\RTX\samples\RtvFileConvert\Debug\RtvFileConvert_manifest.rc
C:\PROGRAM FILES\INTERVALZERO\RTX\SAMPLES\RTVFILECONVERT\DEBUG\UTILITY.OBJ
C:\Program Files\IntervalZero\RTX\samples\RtvFileConvert\Debug\vc100.idb
C:\PROGRAM FILES\INTERVALZERO\RTX\SAMPLES\RTVFILECONVERT\DEBUG\VC100.PDB
